[    0.000000] Initializing cgroup subsys cpuset
[    0.000000] Initializing cgroup subsys cpu
[    0.000000] Initializing cgroup subsys cpuacct
[    0.000000] Linux version 4.4.0-103-generic (buildd@lcy01-amd64-001) (gcc version 5.4.0 20160609 (Ubuntu 5.4.0-6ubuntu1~16.04.5) ) #126-Ubuntu SMP Mon Dec 4 16:23:28 UTC 2017 (Ubuntu 4.4.0-103.126-generic 4.4.98)
[    0.000000] Command line: BOOT_IMAGE=/boot/vmlinuz-4.4.0-103-generic root=LABEL=cloudimg-rootfs ro console=tty1 console=ttyS0
[    0.000000] KERNEL supported cpus:
[    0.000000]   Intel GenuineIntel
[    0.000000]   AMD AuthenticAMD
[    0.000000]   Centaur CentaurHauls
[    0.000000] x86/fpu: xstate_offset[2]:  576, xstate_sizes[2]:  256
[    0.000000] x86/fpu: Supporting XSAVE feature 0x01: 'x87 floating point registers'
[    0.000000] x86/fpu: Supporting XSAVE feature 0x02: 'SSE registers'
[    0.000000] x86/fpu: Supporting XSAVE feature 0x04: 'AVX registers'
[    0.000000] x86/fpu: Enabled xstate features 0x7, context size is 832 bytes, using 'standard' format.
[    0.000000] x86/fpu: Using 'lazy' FPU context switches.
[    0.000000] e820: BIOS-provided physical RAM map:
[    0.000000] BIOS-e820: [mem 0x0000000000000000-0x000000000009fbff] usable
[    0.000000] BIOS-e820: [mem 0x000000000009fc00-0x000000000009ffff] reserved
[    0.000000] BIOS-e820: [mem 0x00000000000f0000-0x00000000000fffff] reserved
[    0.000000] BIOS-e820: [mem 0x0000000000100000-0x000000003ffeffff] usable
[    0.000000] BIOS-e820: [mem 0x000000003fff0000-0x000000003fffffff] ACPI data
[    0.000000] BIOS-e820: [mem 0x00000000fec00000-0x00000000fec00fff] reserved
[    0.000000] BIOS-e820: [mem 0x00000000fee00000-0x00000000fee00fff] reserved
[    0.000000] BIOS-e820: [mem 0x00000000fffc0000-0x00000000ffffffff] reserved
[    0.000000] NX (Execute Disable) protection: active
[    0.000000] SMBIOS 2.5 present.
[    0.000000] Hypervisor detected: KVM
[    0.000000] e820: last_pfn = 0x3fff0 max_arch_pfn = 0x400000000
[    0.000000] MTRR: Disabled
[    0.000000] x86/PAT: MTRRs disabled, skipping PAT initialization too.
[    0.000000] CPU MTRRs all blank - virtualized system.
[    0.000000] x86/PAT: Configuration [0-7]: WB  WT  UC- UC  WB  WT  UC- UC  
[    0.000000] found SMP MP-table at [mem 0x0009fff0-0x0009ffff] mapped at [ffff88000009fff0]
[    0.000000] Scanning 1 areas for low memory corruption
[    0.000000] RAMDISK: [mem 0x36ade000-0x37566fff]
[    0.000000] ACPI: Early table checksum verification disabled
[    0.000000] ACPI: RSDP 0x00000000000E0000 000024 (v02 VBOX  )
[    0.000000] ACPI: XSDT 0x000000003FFF0030 00003C (v01 VBOX   VBOXXSDT 00000001 ASL  00000061)
[    0.000000] ACPI: FACP 0x000000003FFF00F0 0000F4 (v04 VBOX   VBOXFACP 00000001 ASL  00000061)
[    0.000000] ACPI: DSDT 0x000000003FFF0470 0021FF (v02 VBOX   VBOXBIOS 00000002 INTL 20100528)
[    0.000000] ACPI: FACS 0x000000003FFF0200 000040
[    0.000000] ACPI: FACS 0x000000003FFF0200 000040
[    0.000000] ACPI: APIC 0x000000003FFF0240 00005C (v02 VBOX   VBOXAPIC 00000001 ASL  00000061)
[    0.000000] ACPI: SSDT 0x000000003FFF02A0 0001CC (v01 VBOX   VBOXCPUT 00000002 INTL 20100528)
[    0.000000] No NUMA configuration found
[    0.000000] Faking a node at [mem 0x0000000000000000-0x000000003ffeffff]
[    0.000000] NODE_DATA(0) allocated [mem 0x3ffeb000-0x3ffeffff]
[    0.000000] kvm-clock: Using msrs 4b564d01 and 4b564d00
[    0.000000] kvm-clock: cpu 0, msr 0:3ffe3001, primary cpu clock
[    0.000000] kvm-clock: using sched offset of 3633580135 cycles
[    0.000000] clocksource: kvm-clock: mask: 0xffffffffffffffff max_cycles: 0x1cd42e4dffb, max_idle_ns: 881590591483 ns
[    0.000000] Zone ranges:
[    0.000000]   DMA      [mem 0x0000000000001000-0x0000000000ffffff]
[    0.000000]   DMA32    [mem 0x0000000001000000-0x000000003ffeffff]
[    0.000000]   Normal   empty
[    0.000000]   Device   empty
[    0.000000] Movable zone start for each node
[    0.000000] Early memory node ranges
[    0.000000]   node   0: [mem 0x0000000000001000-0x000000000009efff]
[    0.000000]   node   0: [mem 0x0000000000100000-0x000000003ffeffff]
[    0.000000] Initmem setup node 0 [mem 0x0000000000001000-0x000000003ffeffff]
[    0.000000] ACPI: PM-Timer IO Port: 0x4008
[    0.000000] IOAPIC[0]: apic_id 2, version 32, address 0xfec00000, GSI 0-23
[    0.000000] ACPI: INT_SRC_OVR (bus 0 bus_irq 0 global_irq 2 dfl dfl)
[    0.000000] ACPI: INT_SRC_OVR (bus 0 bus_irq 9 global_irq 9 high level)
[    0.000000] Using ACPI (MADT) for SMP configuration information
[    0.000000] smpboot: Allowing 2 CPUs, 0 hotplug CPUs
[    0.000000] PM: Registered nosave memory: [mem 0x00000000-0x00000fff]
[    0.000000] PM: Registered nosave memory: [mem 0x0009f000-0x0009ffff]
[    0.000000] PM: Registered nosave memory: [mem 0x000a0000-0x000effff]
[    0.000000] PM: Registered nosave memory: [mem 0x000f0000-0x000fffff]
[    0.000000] e820: [mem 0x40000000-0xfebfffff] available for PCI devices
[    0.000000] Booting paravirtualized kernel on KVM
[    0.000000] clocksource: refined-jiffies: mask: 0xffffffff max_cycles: 0xffffffff, max_idle_ns: 7645519600211568 ns
[    0.000000] setup_percpu: NR_CPUS:512 nr_cpumask_bits:512 nr_cpu_ids:2 nr_node_ids:1
[    0.000000] PERCPU: Embedded 33 pages/cpu @ffff88003fc00000 s98200 r8192 d28776 u1048576
[    0.000000] PV qspinlock hash table entries: 256 (order: 0, 4096 bytes)
[    0.000000] Built 1 zonelists in Node order, mobility grouping on.  Total pages: 257913
[    0.000000] Policy zone: DMA32
[    0.000000] Kernel command line: BOOT_IMAGE=/boot/vmlinuz-4.4.0-103-generic root=LABEL=cloudimg-rootfs ro console=tty1 console=ttyS0
[    0.000000] PID hash table entries: 4096 (order: 3, 32768 bytes)
[    0.000000] Memory: 1001784K/1048120K available (8485K kernel code, 1295K rwdata, 3988K rodata, 1492K init, 1316K bss, 46336K reserved, 0K cma-reserved)
[    0.000000] SLUB: HWalign=64, Order=0-3, MinObjects=0, CPUs=2, Nodes=1
[    0.000000] Hierarchical RCU implementation.
[    0.000000] 	Build-time adjustment of leaf fanout to 64.
[    0.000000] 	RCU restricting CPUs from NR_CPUS=512 to nr_cpu_ids=2.
[    0.000000] RCU: Adjusting geometry for rcu_fanout_leaf=64, nr_cpu_ids=2
[    0.000000] NR_IRQS:33024 nr_irqs:440 16
[    0.000000] Console: colour VGA+ 80x25
[    0.000000] console [tty1] enabled
[    0.000000] console [ttyS0] enabled
[    0.000000] tsc: Detected 2304.000 MHz processor
[    3.235107] Calibrating delay loop (skipped) preset value.. 4608.00 BogoMIPS (lpj=9216000)
[    3.236386] pid_max: default: 32768 minimum: 301
[    3.237125] ACPI: Core revision 20150930
[    3.249870] ACPI: 2 ACPI AML tables successfully acquired and loaded
[    3.279597] Security Framework initialized
[    3.284267] Yama: becoming mindful.
[    3.284957] AppArmor: AppArmor initialized
[    3.285769] Dentry cache hash table entries: 131072 (order: 8, 1048576 bytes)
[    3.287076] Inode-cache hash table entries: 65536 (order: 7, 524288 bytes)
[    3.289336] Mount-cache hash table entries: 2048 (order: 2, 16384 bytes)
[    3.297196] Mountpoint-cache hash table entries: 2048 (order: 2, 16384 bytes)
[    3.298495] Initializing cgroup subsys io
[    3.312780] Initializing cgroup subsys memory
[    3.335046] Initializing cgroup subsys devices
[    3.335857] Initializing cgroup subsys freezer
[    3.336664] Initializing cgroup subsys net_cls
[    3.337469] Initializing cgroup subsys perf_event
[    3.338311] Initializing cgroup subsys net_prio
[    3.339151] Initializing cgroup subsys hugetlb
[    3.339959] Initializing cgroup subsys pids
[    3.352944] CPU: Physical Processor ID: 0
[    3.353694] CPU: Processor Core ID: 0
[    3.355961] mce: CPU supports 0 MCE banks
[    3.362371] Last level iTLB entries: 4KB 64, 2MB 8, 4MB 8
[    3.415350] Last level dTLB entries: 4KB 64, 2MB 0, 4MB 0, 1GB 4
[    3.417912] Freeing SMP alternatives memory: 32K
[    3.439771] ftrace: allocating 32158 entries in 126 pages
[    3.472698] smpboot: APIC(0) Converting physical 0 to logical package 0
[    3.568784] smpboot: Max logical packages: 1
[    3.623007] x2apic enabled
[    3.667507] Switched APIC routing to physical x2apic.
[    3.736068] ..TIMER: vector=0x30 apic1=0 pin1=2 apic2=-1 pin2=-1
[    3.886317] smpboot: CPU0: Intel(R) Core(TM) i5-7360U CPU @ 2.30GHz (family: 0x6, model: 0x8e, stepping: 0x9)
[    4.008638] Performance Events: unsupported p6 CPU model 142 no PMU driver, software events only.
[    4.063784] KVM setup paravirtual spinlock
[    4.097327] x86: Booting SMP configuration:
[    4.167047] .... node  #0, CPUs:      #1
[    4.225987] kvm-clock: cpu 1, msr 0:3ffe3041, secondary cpu clock
[    4.228375] mce: CPU supports 0 MCE banks
[    4.230889] x86: Booted up 1 node, 2 CPUs
[    4.256343] smpboot: Total of 2 processors activated (9216.00 BogoMIPS)
[    4.257865] devtmpfs: initialized
[    4.283990] evm: security.selinux
[    4.299155] evm: security.SMACK64
[    4.338856] evm: security.SMACK64EXEC
[    4.383509] evm: security.SMACK64TRANSMUTE
[    4.426385] evm: security.SMACK64MMAP
[    4.463511] evm: security.ima
[    4.507359] evm: security.capability
[    4.534206] clocksource: jiffies: mask: 0xffffffff max_cycles: 0xffffffff, max_idle_ns: 7645041785100000 ns
[    4.643667] futex hash table entries: 512 (order: 3, 32768 bytes)
[    4.679866] pinctrl core: initialized pinctrl subsystem
[    4.718899] RTC time:  7:59:31, date: 12/15/17
[    4.752710] NET: Registered protocol family 16
[    4.790314] cpuidle: using governor ladder
[    4.862800] cpuidle: using governor menu
[    4.908383] PCCT header not found.
[    4.950484] ACPI: bus type PCI registered
[    4.976947] acpiphp: ACPI Hot Plug PCI Controller Driver version: 0.5
[    5.033875] PCI: Using configuration type 1 for base access
[    5.108345] ACPI: Added _OSI(Module Device)
[    5.140748] ACPI: Added _OSI(Processor Device)
[    5.183207] ACPI: Added _OSI(3.0 _SCP Extensions)
[    5.216570] ACPI: Added _OSI(Processor Aggregator Device)
[    5.243495] ACPI: Executed 1 blocks of module-level executable AML code
[    5.316382] ACPI: Interpreter enabled
[    5.339471] ACPI: (supports S0 S5)
[    5.361096] ACPI: Using IOAPIC for interrupt routing
[    5.424915] PCI: Using host bridge windows from ACPI; if necessary, use "pci=nocrs" and report a bug
[    5.510332] ACPI: PCI Root Bridge [PCI0] (domain 0000 [bus 00-ff])
[    5.539934] acpi PNP0A03:00: _OSC: OS supports [ASPM ClockPM Segments MSI]
[    5.553107] acpi PNP0A03:00: _OSC: not requesting OS control; OS requires [ExtendedConfig ASPM ClockPM MSI]
[    5.554805] acpi PNP0A03:00: fail to add MMCONFIG information, can't access extended PCI configuration space under this bridge.
[    5.582179] PCI host bridge to bus 0000:00
[    5.608453] pci_bus 0000:00: root bus resource [io  0x0000-0x0cf7 window]
[    5.627595] pci_bus 0000:00: root bus resource [io  0x0d00-0xffff window]
[    5.628707] pci_bus 0000:00: root bus resource [mem 0x000a0000-0x000bffff window]
[    5.630065] pci_bus 0000:00: root bus resource [mem 0x40000000-0xffdfffff window]
[    5.655900] pci_bus 0000:00: root bus resource [bus 00-ff]
[    5.668750] pci 0000:00:01.1: legacy IDE quirk: reg 0x10: [io  0x01f0-0x01f7]
[    5.669907] pci 0000:00:01.1: legacy IDE quirk: reg 0x14: [io  0x03f6]
[    5.670996] pci 0000:00:01.1: legacy IDE quirk: reg 0x18: [io  0x0170-0x0177]
[    5.703311] pci 0000:00:01.1: legacy IDE quirk: reg 0x1c: [io  0x0376]
[    5.715172] pci 0000:00:07.0: quirk: [io  0x4000-0x403f] claimed by PIIX4 ACPI
[    5.749978] pci 0000:00:07.0: quirk: [io  0x4100-0x410f] claimed by PIIX4 SMB
[    5.812080] ACPI: PCI Interrupt Link [LNKA] (IRQs 5 9 10 *11)
[    5.832440] ACPI: PCI Interrupt Link [LNKB] (IRQs 5 9 10 *11)
[    5.852858] ACPI: PCI Interrupt Link [LNKC] (IRQs 5 9 *10 11)
[    5.854285] ACPI: PCI Interrupt Link [LNKD] (IRQs 5 *9 10 11)
[    5.861462] ACPI: Enabled 2 GPEs in block 00 to 07
[    5.876301] vgaarb: setting as boot device: PCI:0000:00:02.0
[    5.889383] vgaarb: device added: PCI:0000:00:02.0,decodes=io+mem,owns=io+mem,locks=none
[    5.890869] vgaarb: loaded
[    5.907637] vgaarb: bridge control possible 0000:00:02.0
[    5.933190] SCSI subsystem initialized
[    5.934063] ACPI: bus type USB registered
[    5.947781] usbcore: registered new interface driver usbfs
[    5.948754] usbcore: registered new interface driver hub
[    5.949745] usbcore: registered new device driver usb
[    5.950880] PCI: Using ACPI for IRQ routing
[    5.951894] NetLabel: Initializing
[    5.952583] NetLabel:  domain hash size = 128
[    5.953591] NetLabel:  protocols = UNLABELED CIPSOv4
[    5.968442] NetLabel:  unlabeled traffic allowed by default
[    5.983847] amd_nb: Cannot enumerate AMD northbridges
[    6.000083] clocksource: Switched to clocksource kvm-clock
[    6.008003] AppArmor: AppArmor Filesystem Enabled
[    6.026673] pnp: PnP ACPI init
[    6.027976] pnp: PnP ACPI: found 3 devices
[    6.074348] clocksource: acpi_pm: mask: 0xffffff max_cycles: 0xffffff, max_idle_ns: 2085701024 ns
[    6.106478] NET: Registered protocol family 2
[    6.107416] TCP established hash table entries: 8192 (order: 4, 65536 bytes)
[    6.119912] TCP bind hash table entries: 8192 (order: 5, 131072 bytes)
[    6.132173] TCP: Hash tables configured (established 8192 bind 8192)
[    6.137801] UDP hash table entries: 512 (order: 2, 16384 bytes)
[    6.138817] UDP-Lite hash table entries: 512 (order: 2, 16384 bytes)
[    6.139922] NET: Registered protocol family 1
[    6.153187] pci 0000:00:00.0: Limiting direct PCI/PCI transfers
[    6.159577] pci 0000:00:01.0: Activating ISA DMA hang workarounds
[    6.161748] Unpacking initramfs...
[    7.590960] Freeing initrd memory: 10788K
[    7.678964] platform rtc_cmos: registered platform RTC device (no PNP device found)
[    7.843367] Scanning for low memory corruption every 60 seconds
[    7.976263] audit: initializing netlink subsys (disabled)
[    8.033752] audit: type=2000 audit(1513324774.042:1): initialized
[    8.093967] Initialise system trusted keyring
[    8.136770] HugeTLB registered 2 MB page size, pre-allocated 0 pages
[    8.261308] zbud: loaded
[    8.313256] VFS: Disk quotas dquot_6.6.0
[    8.390385] VFS: Dquot-cache hash table entries: 512 (order 0, 4096 bytes)
[    8.511691] squashfs: version 4.0 (2009/01/31) Phillip Lougher
[    8.653259] fuse init (API version 7.23)
[    8.692874] tsc: Refined TSC clocksource calibration: 2302.336 MHz
[    8.693905] clocksource: tsc: mask: 0xffffffffffffffff max_cycles: 0x212fd3cecae, max_idle_ns: 440795264582 ns
[    8.695725] Key type big_key registered
[    8.696482] Allocating IMA MOK and blacklist keyrings.
[    8.699099] Key type asymmetric registered
[    8.744186] Asymmetric key parser 'x509' registered
[    8.796679] Block layer SCSI generic (bsg) driver version 0.4 loaded (major 249)
[    8.882002] io scheduler noop registered
[    8.932593] io scheduler deadline registered (default)
[    8.989021] io scheduler cfq registered
[    9.033334] pci_hotplug: PCI Hot Plug PCI Core version: 0.5
[    9.034289] pciehp: PCI Express Hot Plug Controller Driver version: 0.4
[    9.035603] ACPI: AC Adapter [AC] (on-line)
[    9.133080] input: Power Button as /devices/LNXSYSTM:00/LNXPWRBN:00/input/input0
[    9.185490] ACPI: Power Button [PWRF]
[    9.186261] input: Sleep Button as /devices/LNXSYSTM:00/LNXSLPBN:00/input/input1
[    9.187616] ACPI: Sleep Button [SLPF]
[    9.188522] GHES: HEST is not enabled!
[    9.232969] Serial: 8250/16550 driver, 32 ports, IRQ sharing enabled
[    9.398262] 00:02: ttyS0 at I/O 0x3f8 (irq = 4, base_baud = 115200) is a 16550A
[    9.544706] Linux agpgart interface v0.103
[    9.594957] loop: module loaded
[    9.654013] scsi host0: ata_piix
[    9.662450] scsi host1: ata_piix
[    9.700730] ata1: PATA max UDMA/33 cmd 0x1f0 ctl 0x3f6 bmdma 0xd000 irq 14
[    9.772859] ata2: PATA max UDMA/33 cmd 0x170 ctl 0x376 bmdma 0xd008 irq 15
[    9.823897] libphy: Fixed MDIO Bus: probed
[    9.872543] tun: Universal TUN/TAP device driver, 1.6
[    9.928734] tun: (C) 1999-2004 Max Krasnyansky <maxk@qualcomm.com>
[    9.988682] PPP generic driver version 2.4.2
[   10.035158] ehci_hcd: USB 2.0 'Enhanced' Host Controller (EHCI) Driver
[   10.105827] ehci-pci: EHCI PCI platform driver
[   10.168828] ehci-platform: EHCI generic platform driver
[   10.224763] ohci_hcd: USB 1.1 'Open' Host Controller (OHCI) Driver
[   10.236087] ohci-pci: OHCI PCI platform driver
[   10.282932] ohci-platform: OHCI generic platform driver
[   10.349942] uhci_hcd: USB Universal Host Controller Interface driver
[   10.370092] i8042: PNP: PS/2 Controller [PNP0303:PS2K,PNP0f03:PS2M] at 0x60,0x64 irq 1,12
[   10.458353] serio: i8042 KBD port at 0x60,0x64 irq 1
[   10.459230] serio: i8042 AUX port at 0x60,0x64 irq 12
[   10.460202] mousedev: PS/2 mouse device common for all mice
[   10.568108] input: AT Translated Set 2 keyboard as /devices/platform/i8042/serio0/input/input2
[   10.574477] rtc_cmos rtc_cmos: rtc core: registered rtc_cmos as rtc0
[   10.575674] rtc_cmos rtc_cmos: alarms up to one day, 114 bytes nvram
[   10.595233] i2c /dev entries driver
[   10.601813] device-mapper: uevent: version 1.0.3
[   10.609528] device-mapper: ioctl: 4.34.0-ioctl (2015-10-28) initialised: dm-devel@redhat.com
[   10.843528] ledtrig-cpu: registered to indicate activity on CPUs
[   11.143763] NET: Registered protocol family 10
[   11.293536] NET: Registered protocol family 17
[   11.452916] Key type dns_resolver registered
[   11.584729] microcode: CPU0 sig=0x806e9, pf=0x8, revision=0x0
[   11.642036] microcode: CPU1 sig=0x806e9, pf=0x8, revision=0x0
[   11.716607] microcode: Microcode Update Driver: v2.01 <tigran@aivazian.fsnet.co.uk>, Peter Oruba
[   11.718254] registered taskstats version 1
[   11.719024] Loading compiled-in X.509 certificates
[   11.737100] Loaded X.509 cert 'Build time autogenerated kernel key: 6495e09daeacef0cade9c1ea2246b74b6c79cd53'
[   11.854191] zswap: loaded using pool lzo/zbud
[   11.906082] Key type trusted registered
[   11.945555] Key type encrypted registered
[   11.983229] AppArmor: AppArmor sha1 policy hashing enabled
[   12.020763] ima: No TPM chip found, activating TPM-bypass!
[   12.073849] evm: HMAC attrs: 0x1
[   12.110326]   Magic number: 13:347:976
[   12.153711] rtc_cmos rtc_cmos: setting system clock to 2017-12-15 07:59:38 UTC (1513324778)
[   12.233192] BIOS EDD facility v0.16 2004-Jun-25, 0 devices found
[   12.303789] EDD information not available.
[   12.354621] Freeing unused kernel memory: 1492K
[   12.389794] Write protecting the kernel read-only data: 14336k
[   12.449653] Freeing unused kernel memory: 1744K
[   12.508024] Freeing unused kernel memory: 108K
Loading, please wait...
starting version[   12.566399] random: systemd-udevd: uninitialized urandom read (16 bytes read, 5 bits of entropy available)
 229
[   12.566699] random: udevadm: uninitialized urandom read (16 bytes read, 5 bits of entropy available)
[   12.566713] random: udevadm: uninitialized urandom read (16 bytes read, 5 bits of entropy available)
[   12.571388] random: udevadm: uninitialized urandom read (16 bytes read, 5 bits of entropy available)
[   12.571413] random: udevadm: uninitialized urandom read (16 bytes read, 5 bits of entropy available)
[   12.571490] random: udevadm: uninitialized urandom read (16 bytes read, 5 bits of entropy available)
[   12.571519] random: udevadm: uninitialized urandom read (16 bytes read, 5 bits of entropy available)
[   12.571549] random: udevadm: uninitialized urandom read (16 bytes read, 5 bits of entropy available)
[   12.571577] random: udevadm: uninitialized urandom read (16 bytes read, 5 bits of entropy available)
[   12.571604] random: udevadm: uninitialized urandom read (16 bytes read, 5 bits of entropy available)
[   13.280741] e1000: Intel(R) PRO/1000 Network Driver - version 7.3.21-k8-NAPI
[   13.293523] e1000: Copyright (c) 1999-2006 Intel Corporation.
[   13.295102] Fusion MPT base driver 3.04.20
[   13.333154] Copyright (c) 1999-2008 LSI Corporation
[   13.336994] Fusion MPT SPI Host driver 3.04.20
[   13.349561] AVX version of gcm_enc/dec engaged.
[   13.355571] AES CTR mode by8 optimization enabled
[   13.562865] input: ImExPS/2 Generic Explorer Mouse as /devices/platform/i8042/serio1/input/input4
[   13.660403] e1000 0000:00:03.0 eth0: (PCI:33MHz:32-bit) 02:63:8e:2c:ef:cd
[   13.730125] e1000 0000:00:03.0 eth0: Intel(R) PRO/1000 Network Connection
[   13.814034] mptbase: ioc0: Initiating bringup
[   13.920697] ioc0: LSI53C1030 A0: Capabilities={Initiator}
[   14.210928] scsi host2: ioc0: LSI53C1030 A0, FwRev=00000000h, Ports=1, MaxQ=256, IRQ=20
[   14.513708] scsi 2:0:0:0: Direct-Access     VBOX     HARDDISK         1.0  PQ: 0 ANSI: 5
[   14.545086] scsi target2:0:0: Beginning Domain Validation
[   14.547608] scsi target2:0:0: Domain Validation skipping write tests
[   14.549618] scsi target2:0:0: Ending Domain Validation
[   14.550448] scsi target2:0:0: asynchronous
[   14.552304] scsi 2:0:1:0: Direct-Access     VBOX     HARDDISK         1.0  PQ: 0 ANSI: 5
[   14.555976] scsi target2:0:1: Beginning Domain Validation
[   14.558639] scsi target2:0:1: Domain Validation skipping write tests
[   14.559714] scsi target2:0:1: Ending Domain Validation
[   14.560767] scsi target2:0:1: asynchronous
[   14.576803] sd 2:0:0:0: Attached scsi generic sg0 type 0
[   14.577738] sd 2:0:0:0: [sda] 20971520 512-byte logical blocks: (10.7 GB/10.0 GiB)
[   14.589853] sd 2:0:1:0: Attached scsi generic sg1 type 0
[   14.590890] sd 2:0:1:0: [sdb] 20480 512-byte logical blocks: (10.5 MB/10.0 MiB)
[   14.592401] sd 2:0:0:0: [sda] Write Protect is off
[   14.593169] sd 2:0:1:0: [sdb] Write Protect is off
[   14.594355] sd 2:0:1:0: [sdb] Incomplete mode parameter data
[   14.595386] sd 2:0:1:0: [sdb] Assuming drive cache: write through
[   14.596491] sd 2:0:0:0: [sda] Incomplete mode parameter data
[   14.597534] sd 2:0:0:0: [sda] Assuming drive cache: write through
[   14.624690]  sda: sda1
[   14.627385] sd 2:0:1:0: [sdb] Attached SCSI disk
[   14.629383] sd 2:0:0:0: [sda] Attached SCSI disk
[   14.855642] e1000 0000:00:08.0 eth1: (PCI:33MHz:32-bit) 08:00:27:c2:fe:05
[   14.940798] e1000 0000:00:08.0 eth1: Intel(R) PRO/1000 Network Connection
[   15.002548] e1000 0000:00:03.0 enp0s3: renamed from eth0
[   15.189096] e1000 0000:00:08.0 enp0s8: renamed from eth1
[   16.364353] floppy0: no floppy controllers found
Begin: Loading e[   17.685351] md: linear personality registered for level -1
ssential drivers ... [   17.835168] md: multipath personality registered for level -4
[   18.017908] md: raid0 personality registered for level 0
[   18.082751] md: raid1 personality registered for level 1
[   18.220205] raid6: sse2x1   gen()  7387 MB/s
[   18.552535] raid6: sse2x1   xor()  7006 MB/s
[   18.622649] raid6: sse2x2   gen() 13008 MB/s
[   18.792749] raid6: sse2x2   xor()  8631 MB/s
[   19.132739] raid6: sse2x4   gen() 14445 MB/s
[   19.260213] raid6: sse2x4   xor()  7655 MB/s
[   19.269051] raid6: using algorithm sse2x4 gen() 14445 MB/s
[   19.275097] raid6: .... xor() 7655 MB/s, rmw enabled
[   19.363112] raid6: using ssse3x2 recovery algorithm
[   19.544509] xor: automatically using best checksumming function:
[   19.644175]    avx       : 22587.000 MB/sec
[   19.694883] async_tx: api initialized (async)
[   19.735349] md: raid6 personality registered for level 6
[   19.963282] md: raid5 personality registered for level 5
[   20.213801] md: raid4 personality registered for level 4
[   20.327100] md: raid10 personality registered for level 10
done.
Begin: Running /scripts/init-premount ... done.
Begin: M[   20.370638] Btrfs loaded
ounting root file system ... Begin: Running /scripts/local-top ... done.
Begin: Running /scripts/local-premount ... Scanning for Btrfs filesystems
done.
Warning: fsck no[   20.421216] EXT4-fs (sda1): INFO: recovery required on readonly filesystem
t present, so sk[   20.504588] EXT4-fs (sda1): write access will be enabled during recovery
ipping root file system
[   20.760255] random: nonblocking pool is initialized
[   20.994622] EXT4-fs (sda1): orphan cleanup on readonly fs
[   21.140401] EXT4-fs (sda1): 6 orphan inodes deleted
[   21.203863] EXT4-fs (sda1): recovery complete
[   21.258457] EXT4-fs (sda1): mounted filesystem with ordered data mode. Opts: (null)
done.
Begin: Running /scripts/local-bottom ... done.
Begin: Running /scripts/init-bottom ... done.
[   22.053888] systemd[1]: systemd 229 running in system mode. (+PAM +AUDIT +SELINUX +IMA +APPARMOR +SMACK +SYSVINIT +UTMP +LIBCRYPTSETUP +GCRYPT +GNUTLS +ACL +XZ -LZ4 +SECCOMP +BLKID +ELFUTILS +KMOD -IDN)
[   22.258310] systemd[1]: Detected virtualization oracle.
[   22.311381] systemd[1]: Detected architecture x86-64.

Welcome to [1mUbuntu 16.04.3 LTS[0m!

[   22.434408] systemd[1]: Set hostname to <ubuntu-xenial>.
[   23.877674] systemd[1]: Listening on Journal Audit Socket.
[[0;32m  OK  [0m] Listening on Journal Audit Socket.
[   24.012876] systemd[1]: Listening on udev Control Socket.
[[0;32m  OK  [0m] Listening on udev Control Socket.
[   24.081519] systemd[1]: Reached target User and Group Name Lookups.
[[0;32m  OK  [0m] Reached target User and Group Name Lookups.
[   24.256719] systemd[1]: Reached target Swap.
[[0;32m  OK  [0m] Reached target Swap.
[   24.376730] systemd[1]: Created slice System Slice.
[[0;32m  OK  [0m] Created slice System Slice.
[   24.461236] systemd[1]: Created slice system-serial\x2dgetty.slice.
[[0;32m  OK  [0m] Created slice system-serial\x2dgetty.slice.
[   24.624919] systemd[1]: Listening on LVM2 poll daemon socket.
[[0;32m  OK  [0m] Listening on LVM2 poll daemon socket.
[   24.627176] systemd[1]: Set up automount Arbitrary Executable File Formats File System Automount Point.
[[0;32m  OK  [0m] Set up automount Arbitrary Executab...ats File System Automount Point.
[   24.640457] systemd[1]: Started Trigger resolvconf update for networkd DNS.
[[0;32m  OK  [0m] Started Trigger resolvconf update for networkd DNS.
[   24.840504] systemd[1]: Listening on Journal Socket.
[[0;32m  OK  [0m] Listening on Journal Socket.
[   24.928675] systemd[1]: Starting Uncomplicated firewall...
         Starting Uncomplicated firewall...
[   25.072761] systemd[1]: Starting Load Kernel Modules...
         Starting Load Kernel Modules...[   25.157509] Loading iSCSI transport class v2.0-870.

[   25.388699] systemd[1]: Mounting Debug File System...
         Mounting Debug File System...
[   25.544480] systemd[1]: Starting Nameserver information manager...
         Starting Nameserver information manager...
[   25.612381] iscsi: registered transport (tcp)
[   25.613075] systemd[1]: Starting Set console keymap...
         Starting Set console keymap...
[   25.764332] systemd[1]: Starting Create list of required static device nodes for the current kernel...
         Starting Create list of required st... nodes for the current kernel...
[   25.940623] systemd[1]: Started Forward Password Requests to Wall Directory Watch.
[[0;32m  OK  [0m] Started Forward Password Requests to Wall Dir[   26.074725] iscsi: registered transport (iser)
ectory Watch.
[   26.088603] systemd[1]: Mounting Huge Pages File System...
         Mounting Huge Pages File System...
[   26.200873] systemd[1]: Listening on /dev/initctl Compatibility Named Pipe.
[[0;32m  OK  [0m] Listening on /dev/initctl Compatibility Named Pipe.
[   26.244943] systemd[1]: Listening on Device-mapper event daemon FIFOs.
[[0;32m  OK  [0m] Listening on Device-mapper event daemon FIFOs.
[   26.448578] systemd[1]: Listening on Syslog Socket.
[[0;32m  OK  [0m] Listening on Syslog Socket.
[   26.620391] systemd[1]: Mounting POSIX Message Queue File System...
         Mounting POSIX Message Queue File System...
[   26.676954] systemd[1]: Listening on LVM2 metadata daemon socket.
[[0;32m  OK  [0m] Listening on LVM2 metadata daemon socket.
[   26.832389] systemd[1]: Starting Monitoring of LVM2 mirrors, snapshots etc. using dmeventd or progress polling...
         Starting Monitoring of LVM2 mirrors... dmeventd or progress polling...
[   26.996280] systemd[1]: Reached target Encrypted Volumes.
[[0;32m  OK  [0m] Reached target Encrypted Volumes.
[   27.116617] systemd[1]: Listening on udev Kernel Socket.
[[0;32m  OK  [0m] Listening on udev Kernel Socket.
[   27.222673] systemd[1]: Listening on Journal Socket (/dev/log).
[[0;32m  OK  [0m] Listening on Journal Socket (/dev/log).
[   27.324871] systemd[1]: Starting Journal Service...
         Starting Journal Service...
[   27.416663] systemd[1]: Starting Remount Root and Kernel File Systems...
         [   27.504965] EXT4-fs (sda1): re-mounted. Opts: (null)
Starting Remount Root and Kernel File Systems...
[   27.633170] systemd[1]: Created slice User and Session Slice.
[[0;32m  OK  [0m] Created slice User and Session Slice.
[   27.848784] systemd[1]: Reached target Slices.
[[0;32m  OK  [0m] Reached target Slices.
[   27.885262] systemd[1]: Mounted POSIX Message Queue File System.
[[0;32m  OK  [0m] Mounted POSIX Message Queue File System.
[   27.920473] systemd[1]: Mounted Debug File System.
[[0;32m  OK  [0m] Mounted Debug File System.
[   27.980831] systemd[1]: Mounted Huge Pages File System.
[[0;32m  OK  [0m] Mounted Huge Pages File System.
[   28.209013] systemd[1]: Started Journal Service.
[[0;32m  OK  [0m] Started Journal Service.
[[0;32m  OK  [0m] Started Uncomplicated firewall.
[[0;32m  OK  [0m] Started Load Kernel Modules.
[[0;32m  OK  [0m] Started Set console keymap.
[[0;32m  OK  [0m] Started Create list of required sta...ce nodes for the current kernel.
[[0;32m  OK  [0m] Started Remount Root and Kernel File Systems.
[[0;32m  OK  [0m] Started Nameserver information manager.
[[0;32m  OK  [0m] Started LVM2 metadata daemon.
         Starting Load/Save Random Seed...
         Starting Initial cloud-init job (pre-networking)...
         Starting udev Coldplug all Devices...
         Starting Create Static Device Nodes in /dev...
         Mounting FUSE Control File System...
         Starting Apply Kernel Variables...
         Starting Flush Journal to Persistent Storage...
[[0;32m  OK  [0m] Mounted FUSE Control File System.
[[0;32m  OK  [0m] Started Load/Save Random Seed.
[[0;32m  OK  [0m] Started udev Coldplug all Devices.
[   29.352804] systemd-journald[405]: Received request to flush runtime journal from PID 1
[[0;32m  OK  [0m] Started Flush Journal to Persistent Storage.
[[0;32m  OK  [0m] Started Monitoring of LVM2 mirrors,...ng dmeventd or progress polling.
[[0;32m  OK  [0m] Started Create Static Device Nodes in /dev.
[[0;32m  OK  [0m] Started Apply Kernel Variables.
         Starting udev Kernel Device Manager...
[[0;32m  OK  [0m] Started udev Kernel Device Manager.
[[0;32m  OK  [0m] Started Dispatch Password Requests to Console Directory Watch.
[[0;32m  OK  [0m] Reached target Local File Systems (Pre).
[[0;32m  OK  [0m] Reached target Local File Systems.
         Starting Set console font and keymap...
         Starting Create Volatile Files and Directories...
         Starting Tell Plymouth To Write Out Runtime Data...
         Starting LSB: AppArmor initialization...
[[0;32m  OK  [0m] Found device /dev/ttyS0.
[[0;32m  OK  [0m] Started Tell Plymouth To Write Out Runtime Data.
[[0;32m  OK  [0m] Started Create Volatile Files and Directories.
         Starting Update UTMP about System Boot/Shutdown...
[[0;32m  OK  [0m] Reached target System Time Synchronized.
[[0;32m  OK  [0m] Started Update UTMP about System Boot/Shutdown.
[[0;32m  OK  [0m] Started Set console font and keymap.
[[0;32m  OK  [0m] Created slice system-getty.slice.
[[0;32m  OK  [0m] Found device 82540EM Gigabit Ethern...r (PRO/1000 MT Desktop Adapter).
[[0;32m  OK  [0m] Found device 82540EM Gigabit Ethern...r (PRO/1000 MT Desktop Adapter).
[[0;32m  OK  [0m] Listening on Load/Save RF Kill Switch Status /dev/rfkill Watch.
[[0;32m  OK  [0m] Started LSB: AppArmor initialization.
[   30.658730] cloud-init[435]: Cloud-init v. 17.1 running 'init-local' at Fri, 15 Dec 2017 08:00:02 +0000. Up 30.15 seconds.
[[0;32m  OK  [0m] Started Initial cloud-init job (pre-networking).
[[0;32m  OK  [0m] Reached target Network (Pre).
[[0;32m  OK  [0m] Started ifup for enp0s8.
         Starting Raise network interfaces...
[[0;32m  OK  [0m] Started ifup for enp0s3.
[[0;32m  OK  [0m] Started Raise network interfaces.
[[0;32m  OK  [0m] Reached target Network.
         Starting Initial cloud-init job (metadata service crawler)...
[   32.218182] cloud-init[1053]: Cloud-init v. 17.1 running 'init' at Fri, 15 Dec 2017 08:00:03 +0000. Up 31.43 seconds.
[   32.333166] cloud-init[1053]: ci-info: ++++++++++++++++++++++++++++++++++++++Net device info++++++++++++++++++++++++++++++++++++++
[   32.333485] cloud-init[1053]: ci-info: +--------+------+-----------------------------+---------------+-------+-------------------+
[[0;32m  OK  [0m] Started Initial cloud-init job (metadata service crawler).
[   32.333690] cloud-init[1053]: ci-info: | Device |  Up  |           Address           |      Mask     | Scope |     Hw-Address    |
[   32.676719] cloud-init[1053]: ci-info: +--------+------+-----------------------------+---------------+-------+-------------------+
[   32.677067] cloud-init[1053]: ci-info: | enp0s3 | True |          10.0.2.15          | 255.255.255.0 |   .   | 02:63:8e:2c:ef:cd |
[[0;32m  OK  [0m] Reached target Cloud-config availability.
[[   32.677208] cloud-init[1053]: ci-info: | enp0s3 | True |  fe80::63:8eff:fe2c:efcd/64 |       .       |  link | 02:63:8e:2c:ef:cd |
[   33.044983] cloud-init[1053]: ci-info: | enp0s8 | True |        192.168.33.10        | 255.255.255.0 |   .   | 08:00:27:c2:fe:05 |
[0;32m  OK  [0m] Reached target Network is Online.
[   33.045098] cloud-init[1053]: ci-info: | enp0s8 | True | fe80::a00:27ff:fec2:fe05/64 |       .       |  link | 08:00:27:c2:fe:05 |
[   33.165149] cloud-init[1053]: ci-info: |   lo   | True |          127.0.0.1          |   255.0.0.0   |   .   |         .         |
         Starting iSCSI initiator daemon (iscsid)...
[[   33.166025] cloud-init[1053]: ci-info: |   lo   | True |           ::1/128           |       .       |  host |         .         |
[   33.352982] cloud-init[1053]: ci-info: +--------+------+-----------------------------+---------------+-------+-------------------+
[   33.353152] cloud-init[1053]: ci-info: ++++++++++++++++++++++++++++Route IPv4 info++++++++++++++++++++++++++++
[   33.353323] cloud-init[1053]: ci-info: +-------+--------------+----------+---------------+-----------+-------+
[   33.353477] cloud-init[1053]: ci-info: | Route | Destination  | Gateway  |    Genmask    | Interface | Flags |
[   33.353615] cloud-init[1053]: ci-info: +-------+--------------+----------+---------------+-----------+-------+
[   33.353764] cloud-init[1053]: ci-info: |   0   |   0.0.0.0    | 10.0.2.2 |    0.0.0.0    |   enp0s3  |   UG  |
[   33.353910] cloud-init[1053]: ci-info: |   1   |   10.0.2.0   | 0.0.0.0  | 255.255.255.0 |   enp0s3  |   U   |
[   33.354058] cloud-init[1053]: ci-info: |   2   | 192.168.33.0 | 0.0.0.0  | 255.255.255.0 |   enp0s8  |   U   |
[   33.354205] cloud-init[1053]: ci-info: +-------+--------------+----------+---------------+-----------+-------+
[0;32m  OK  [0m] Reached target System Initialization.
[[0;32m  OK  [0m] Started Timer to automatically refresh installed snaps.
         Starting Socket activation for snappy daemon.
[[0;32m  OK  [0m] Started ACPI Events Check.
[[0;32m  OK  [0m] Reached target Paths.
[[0;32m  OK  [0m] Listening on ACPID Listen Socket.
[[0;32m  OK  [0m] Started Daily Cleanup of Temporary Directories.
         Starting LXD - unix socket.
[[0;32m  OK  [0m] Listening on D-Bus System Message Bus Socket.
[[0;32m  OK  [0m] Started Daily apt download activities.
[[0;32m  OK  [0m] Started Daily apt upgrade and clean activities.
[[0;32m  OK  [0m] Reached target Timers.
[[0;32m  OK  [0m] Listening on UUID daemon activation socket.
[[0;32m  OK  [0m] Listening on Socket activation for snappy daemon.
[[0;32m  OK  [0m] Listening on LXD - unix socket.
[[0;32m  OK  [0m] Started iSCSI initiator daemon (iscsid).
         Starting Login to default iSCSI targets...
[[0;32m  OK  [0m] Reached target Sockets.
[[0;32m  OK  [0m] Reached target Basic System.
[[0;32m  OK  [0m] Started D-Bus System Message Bus.
         Starting LSB: MD monitoring daemon...
         Starting System Logging Service...
         Starting Accounts Service...
         Starting LXD - container startup/shutdown...
[[0;32m  OK  [0m] Started Unattended Upgrades Shutdown.
         Starting Login Service...
[[0;32m  OK  [0m] Started FUSE filesystem for LXC.
[[0;32m  OK  [0m] Started Regular background program processing daemon.
         Starting MySQL Community Server...
         Starting /etc/rc.local Compatibility...
         Starting OpenBSD Secure Shell server...
         Starting LSB: Record successful boot for GRUB...
[[0;32m  OK  [0m] Started ACPI event daemon.
         Starting Apply the settings specified in cloud-config...
[[0;32m  OK  [0m] Started Deferred execution scheduler.
         Starting Snappy daemon...
[[0;32m  OK  [0m] Started System Logging Service.
[[0;32m  OK  [0m] Started /etc/rc.local Compatibility.
[[0;32m  OK  [0m] Started Login Service.
[[0;32m  OK  [0m] Started LSB: Record successful boot for GRUB.
         Starting Authenticate and Authorize Users to Run Privileged Tasks...
[[0;32m  OK  [0m] Started LSB: MD monitoring daemon.
[[0;32m  OK  [0m] Started Login to default iSCSI targets.
[[0;32m  OK  [0m] Reached target Remote File Systems (Pre).
[[0;32m  OK  [0m] Reached target Remote File Systems.
         Starting LSB: automatic crash report generation...
         Starting LSB: Apache2 web server...
         Starting LSB: Set the CPU Frequency Scaling governor to "ondemand"...
         Starting LSB: VirtualBox Linux Additions...
         Starting LSB: daemon to balance interrupts for SMP systems...
         Starting Permit User Sessions...
[[0;32m  OK  [0m] Started LSB: Set the CPU Frequency Scaling governor to "ondemand".
[   38.098538] cloud-init[1152]: Cloud-init v. 17.1 running 'modules:config' at Fri, 15 Dec 2017 08:00:08 +0000. Up 36.81 seconds.
[[0;32m  OK  [0m] Started Apply the settings specified in cloud-config.
[[0;32m  OK  [0m] Started Permit User Sessions.
         Starting Hold until boot process finishes up...
         Starting Terminate Plymouth Boot Screen...
[[0;32m  OK  [0m] Started Hold until boot process finishes up.
[[0;32m  OK  [0m] Started Terminate Plymouth Boot Screen.
[[0;32m  OK  [0m] Started Getty on tty1.
         Starting Set console scheme...
[[0;32m  OK  [0m] Started Serial Getty on ttyS0.
[[0;32m  OK  [0m] Reached target Login Prompts.
[[0;32m  OK  [0m] Started LSB: daemon to balance interrupts for SMP systems.
[[0;32m  OK  [0m] Started Set console scheme.
[[0;32m  OK  [0m] Started LSB: automatic crash report generation.
[[0;32m  OK  [0m] Started Authenticate and Authorize Users to Run Privileged Tasks.
[[0;32m  OK  [0m] Started OpenBSD Secure Shell server.
[[0;32m  OK  [0m] Started Accounts Service.
[[0;32m  OK  [0m] Started LSB: VirtualBox Linux Additions.
[[0;32m  OK  [0m] Created slice User Slice of ubuntu.
         Starting User Manager for UID 1000...
[[0;32m  OK  [0m] Started Session 1 of user ubuntu.
[[0;32m  OK  [0m] Started User Manager for UID 1000.
[[0;32m  OK  [0m] Started LXD - container startup/shutdown.

Ubuntu 16.04.3 LTS ubuntu-xenial ttyS0

ubuntu-xenial login: [   48.648954] cloud-init[1753]: Cloud-init v. 17.1 running 'modules:final' at Fri, 15 Dec 2017 08:00:20 +0000. Up 48.48 seconds.
[   48.649163] cloud-init[1753]: Cloud-init v. 17.1 finished at Fri, 15 Dec 2017 08:00:20 +0000. Datasource DataSourceNoCloud [seed=/dev/sdb][dsmode=net].  Up 48.64 seconds
